E:\PROJECTS\MYBM3D\MYBM3D\MYBM3D\X64\DEBUG\LIB_TRANSFORMS.OBJ
E:\PROJECTS\MYBM3D\MYBM3D\MYBM3D\X64\DEBUG\MAIN.OBJ
E:\PROJECTS\MYBM3D\MYBM3D\MYBM3D\X64\DEBUG\BM3D.OBJ
E:\PROJECTS\MYBM3D\MYBM3D\MYBM3D\X64\DEBUG\MT19937AR.OBJ
E:\PROJECTS\MYBM3D\MYBM3D\MYBM3D\X64\DEBUG\UTILITIES.OBJ
E:\PROJECTS\MYBM3D\MYBM3D\MYBM3D\X64\DEBUG\VC110.PDB
E:\PROJECTS\MYBM3D\MYBM3D\MYBM3D\X64\DEBUG\IO_PNG.OBJ
E:\PROJECTS\myBM3D\myBM3D\myBM3D\x64\Debug\bm3d.obj
E:\PROJECTS\myBM3D\myBM3D\myBM3D\x64\Debug\io_png.obj
E:\PROJECTS\myBM3D\myBM3D\myBM3D\x64\Debug\lib_transforms.obj
E:\PROJECTS\myBM3D\myBM3D\myBM3D\x64\Debug\main.obj
E:\PROJECTS\myBM3D\myBM3D\myBM3D\x64\Debug\mt19937ar.obj
E:\PROJECTS\myBM3D\myBM3D\myBM3D\x64\Debug\utilities.obj
E:\PROJECTS\myBM3D\myBM3D\myBM3D\x64\Debug\cl.command.1.tlog
E:\PROJECTS\myBM3D\myBM3D\myBM3D\x64\Debug\CL.read.1.tlog
E:\PROJECTS\myBM3D\myBM3D\myBM3D\x64\Debug\CL.write.1.tlog
E:\PROJECTS\myBM3D\myBM3D\myBM3D\x64\Debug\link-cvtres.read.1.tlog
E:\PROJECTS\myBM3D\myBM3D\myBM3D\x64\Debug\link-cvtres.write.1.tlog
E:\PROJECTS\myBM3D\myBM3D\myBM3D\x64\Debug\link-rc.read.1.tlog
E:\PROJECTS\myBM3D\myBM3D\myBM3D\x64\Debug\link-rc.write.1.tlog
E:\PROJECTS\myBM3D\myBM3D\myBM3D\x64\Debug\link.command.1.tlog
E:\PROJECTS\myBM3D\myBM3D\myBM3D\x64\Debug\link.read.1.tlog
E:\PROJECTS\myBM3D\myBM3D\myBM3D\x64\Debug\link.write.1.tlog
E:\PROJECTS\myBM3D\myBM3D\myBM3D\x64\Debug\vc110.pdb
